{"C:\\Users\\a2437\\SEG_major_group\\seg_major_group\\server\\index.js": {"path":"C:\\Users\\a2437\\SEG_major_group\\seg_major_group\\server\\index.js","statementMap":{"0":{"start":{"line":2,"column":16},"end":{"line":2,"column":34}},"1":{"start":{"line":3,"column":15},"end":{"line":3,"column":41}},"2":{"start":{"line":4,"column":13},"end":{"line":4,"column":28}},"3":{"start":{"line":5,"column":19},"end":{"line":5,"column":38}},"4":{"start":{"line":6,"column":12},"end":{"line":6,"column":21}},"5":{"start":{"line":10,"column":0},"end":{"line":12,"column":59}},"6":{"start":{"line":11,"column":12},"end":{"line":11,"column":45}},"7":{"start":{"line":12,"column":16},"end":{"line":12,"column":58}},"8":{"start":{"line":15,"column":0},"end":{"line":15,"column":23}},"9":{"start":{"line":18,"column":0},"end":{"line":18,"column":43}},"10":{"start":{"line":21,"column":0},"end":{"line":25,"column":1}},"11":{"start":{"line":23,"column":17},"end":{"line":23,"column":21}},"12":{"start":{"line":24,"column":4},"end":{"line":24,"column":75}},"13":{"start":{"line":24,"column":26},"end":{"line":24,"column":74}},"14":{"start":{"line":29,"column":0},"end":{"line":29,"column":21}}},"fnMap":{"0":{"name":"(anonymous_0)","decl":{"start":{"line":11,"column":6},"end":{"line":11,"column":7}},"loc":{"start":{"line":11,"column":12},"end":{"line":11,"column":45}},"line":11},"1":{"name":"(anonymous_1)","decl":{"start":{"line":12,"column":7},"end":{"line":12,"column":8}},"loc":{"start":{"line":12,"column":16},"end":{"line":12,"column":58}},"line":12},"2":{"name":"(anonymous_2)","decl":{"start":{"line":24,"column":20},"end":{"line":24,"column":21}},"loc":{"start":{"line":24,"column":26},"end":{"line":24,"column":74}},"line":24}},"branchMap":{"0":{"loc":{"start":{"line":21,"column":0},"end":{"line":25,"column":1}},"type":"if","locations":[{"start":{"line":21,"column":0},"end":{"line":25,"column":1}},{"start":{},"end":{}}],"line":21}},"s":{"0":2,"1":2,"2":2,"3":2,"4":2,"5":2,"6":2,"7":0,"8":2,"9":2,"10":2,"11":0,"12":0,"13":0,"14":2},"f":{"0":2,"1":0,"2":0},"b":{"0":[0,2]},"_coverageSchema":"1a1c01bbd47fc00a2c39e90264f33305004495a9","hash":"09ca5b760f4785e661c3b25737bd38d58de94fc4"}
,"C:\\Users\\a2437\\SEG_major_group\\seg_major_group\\server\\controller\\authController.js": {"path":"C:\\Users\\a2437\\SEG_major_group\\seg_major_group\\server\\controller\\authController.js","statementMap":{"0":{"start":{"line":2,"column":13},"end":{"line":2,"column":38}},"1":{"start":{"line":3,"column":40},"end":{"line":3,"column":66}},"2":{"start":{"line":5,"column":13},"end":{"line":8,"column":1}},"3":{"start":{"line":7,"column":4},"end":{"line":7,"column":31}},"4":{"start":{"line":11,"column":21},"end":{"line":51,"column":1}},"5":{"start":{"line":13,"column":4},"end":{"line":50,"column":5}},"6":{"start":{"line":14,"column":44},"end":{"line":14,"column":52}},"7":{"start":{"line":16,"column":8},"end":{"line":20,"column":9}},"8":{"start":{"line":17,"column":12},"end":{"line":19,"column":14}},"9":{"start":{"line":22,"column":8},"end":{"line":26,"column":9}},"10":{"start":{"line":23,"column":12},"end":{"line":25,"column":14}},"11":{"start":{"line":28,"column":22},"end":{"line":28,"column":49}},"12":{"start":{"line":29,"column":8},"end":{"line":35,"column":9}},"13":{"start":{"line":30,"column":12},"end":{"line":33,"column":14}},"14":{"start":{"line":37,"column":31},"end":{"line":37,"column":59}},"15":{"start":{"line":40,"column":21},"end":{"line":44,"column":10}},"16":{"start":{"line":46,"column":8},"end":{"line":46,"column":29}},"17":{"start":{"line":48,"column":8},"end":{"line":48,"column":26}},"18":{"start":{"line":54,"column":18},"end":{"line":80,"column":1}},"19":{"start":{"line":55,"column":4},"end":{"line":78,"column":5}},"20":{"start":{"line":56,"column":34},"end":{"line":56,"column":42}},"21":{"start":{"line":59,"column":21},"end":{"line":59,"column":48}},"22":{"start":{"line":60,"column":8},"end":{"line":64,"column":9}},"23":{"start":{"line":61,"column":12},"end":{"line":63,"column":14}},"24":{"start":{"line":66,"column":22},"end":{"line":66,"column":67}},"25":{"start":{"line":67,"column":8},"end":{"line":69,"column":9}},"26":{"start":{"line":68,"column":12},"end":{"line":68,"column":38}},"27":{"start":{"line":70,"column":8},"end":{"line":74,"column":9}},"28":{"start":{"line":71,"column":12},"end":{"line":73,"column":14}},"29":{"start":{"line":76,"column":12},"end":{"line":76,"column":30}},"30":{"start":{"line":81,"column":0},"end":{"line":86,"column":1}}},"fnMap":{"0":{"name":"(anonymous_0)","decl":{"start":{"line":5,"column":13},"end":{"line":5,"column":14}},"loc":{"start":{"line":6,"column":0},"end":{"line":8,"column":1}},"line":6},"1":{"name":"(anonymous_1)","decl":{"start":{"line":11,"column":21},"end":{"line":11,"column":22}},"loc":{"start":{"line":12,"column":0},"end":{"line":51,"column":1}},"line":12},"2":{"name":"(anonymous_2)","decl":{"start":{"line":54,"column":18},"end":{"line":54,"column":19}},"loc":{"start":{"line":54,"column":37},"end":{"line":80,"column":1}},"line":54}},"branchMap":{"0":{"loc":{"start":{"line":16,"column":8},"end":{"line":20,"column":9}},"type":"if","locations":[{"start":{"line":16,"column":8},"end":{"line":20,"column":9}},{"start":{},"end":{}}],"line":16},"1":{"loc":{"start":{"line":22,"column":8},"end":{"line":26,"column":9}},"type":"if","locations":[{"start":{"line":22,"column":8},"end":{"line":26,"column":9}},{"start":{},"end":{}}],"line":22},"2":{"loc":{"start":{"line":22,"column":11},"end":{"line":22,"column":41}},"type":"binary-expr","locations":[{"start":{"line":22,"column":11},"end":{"line":22,"column":20}},{"start":{"line":22,"column":24},"end":{"line":22,"column":41}}],"line":22},"3":{"loc":{"start":{"line":29,"column":8},"end":{"line":35,"column":9}},"type":"if","locations":[{"start":{"line":29,"column":8},"end":{"line":35,"column":9}},{"start":{},"end":{}}],"line":29},"4":{"loc":{"start":{"line":60,"column":8},"end":{"line":64,"column":9}},"type":"if","locations":[{"start":{"line":60,"column":8},"end":{"line":64,"column":9}},{"start":{},"end":{}}],"line":60},"5":{"loc":{"start":{"line":67,"column":8},"end":{"line":69,"column":9}},"type":"if","locations":[{"start":{"line":67,"column":8},"end":{"line":69,"column":9}},{"start":{},"end":{}}],"line":67},"6":{"loc":{"start":{"line":70,"column":8},"end":{"line":74,"column":9}},"type":"if","locations":[{"start":{"line":70,"column":8},"end":{"line":74,"column":9}},{"start":{},"end":{}}],"line":70}},"s":{"0":2,"1":2,"2":2,"3":0,"4":2,"5":4,"6":4,"7":4,"8":1,"9":3,"10":1,"11":2,"12":2,"13":1,"14":1,"15":1,"16":1,"17":0,"18":2,"19":3,"20":3,"21":3,"22":3,"23":1,"24":2,"25":2,"26":1,"27":2,"28":1,"29":0,"30":2},"f":{"0":0,"1":4,"2":3},"b":{"0":[1,3],"1":[1,2],"2":[3,3],"3":[1,1],"4":[1,2],"5":[1,1],"6":[1,1]},"_coverageSchema":"1a1c01bbd47fc00a2c39e90264f33305004495a9","hash":"4c3d643e60ef099017f981eddd815cfced8c7bcb"}
,"C:\\Users\\a2437\\SEG_major_group\\seg_major_group\\server\\helpers\\auth.js": {"path":"C:\\Users\\a2437\\SEG_major_group\\seg_major_group\\server\\helpers\\auth.js","statementMap":{"0":{"start":{"line":1,"column":15},"end":{"line":1,"column":32}},"1":{"start":{"line":3,"column":21},"end":{"line":17,"column":1}},"2":{"start":{"line":4,"column":4},"end":{"line":16,"column":6}},"3":{"start":{"line":5,"column":8},"end":{"line":15,"column":10}},"4":{"start":{"line":6,"column":12},"end":{"line":8,"column":13}},"5":{"start":{"line":7,"column":16},"end":{"line":7,"column":27}},"6":{"start":{"line":9,"column":12},"end":{"line":14,"column":14}},"7":{"start":{"line":10,"column":16},"end":{"line":12,"column":17}},"8":{"start":{"line":11,"column":20},"end":{"line":11,"column":31}},"9":{"start":{"line":13,"column":16},"end":{"line":13,"column":29}},"10":{"start":{"line":19,"column":24},"end":{"line":21,"column":1}},"11":{"start":{"line":20,"column":4},"end":{"line":20,"column":43}},"12":{"start":{"line":22,"column":0},"end":{"line":25,"column":1}}},"fnMap":{"0":{"name":"(anonymous_0)","decl":{"start":{"line":3,"column":21},"end":{"line":3,"column":22}},"loc":{"start":{"line":3,"column":34},"end":{"line":17,"column":1}},"line":3},"1":{"name":"(anonymous_1)","decl":{"start":{"line":4,"column":23},"end":{"line":4,"column":24}},"loc":{"start":{"line":4,"column":43},"end":{"line":16,"column":5}},"line":4},"2":{"name":"(anonymous_2)","decl":{"start":{"line":5,"column":26},"end":{"line":5,"column":27}},"loc":{"start":{"line":5,"column":39},"end":{"line":15,"column":9}},"line":5},"3":{"name":"(anonymous_3)","decl":{"start":{"line":9,"column":38},"end":{"line":9,"column":39}},"loc":{"start":{"line":9,"column":50},"end":{"line":14,"column":13}},"line":9},"4":{"name":"(anonymous_4)","decl":{"start":{"line":19,"column":24},"end":{"line":19,"column":25}},"loc":{"start":{"line":19,"column":45},"end":{"line":21,"column":1}},"line":19}},"branchMap":{"0":{"loc":{"start":{"line":6,"column":12},"end":{"line":8,"column":13}},"type":"if","locations":[{"start":{"line":6,"column":12},"end":{"line":8,"column":13}},{"start":{},"end":{}}],"line":6},"1":{"loc":{"start":{"line":10,"column":16},"end":{"line":12,"column":17}},"type":"if","locations":[{"start":{"line":10,"column":16},"end":{"line":12,"column":17}},{"start":{},"end":{}}],"line":10}},"s":{"0":2,"1":2,"2":4,"3":4,"4":4,"5":0,"6":4,"7":4,"8":0,"9":4,"10":2,"11":2,"12":2},"f":{"0":4,"1":4,"2":4,"3":4,"4":2},"b":{"0":[0,4],"1":[0,4]},"_coverageSchema":"1a1c01bbd47fc00a2c39e90264f33305004495a9","hash":"f3dd5773cd3e932141796a7233167da8666bde2e"}
,"C:\\Users\\a2437\\SEG_major_group\\seg_major_group\\server\\models\\user.js": {"path":"C:\\Users\\a2437\\SEG_major_group\\seg_major_group\\server\\models\\user.js","statementMap":{"0":{"start":{"line":2,"column":17},"end":{"line":2,"column":36}},"1":{"start":{"line":3,"column":17},"end":{"line":3,"column":25}},"2":{"start":{"line":5,"column":19},"end":{"line":16,"column":2}},"3":{"start":{"line":18,"column":18},"end":{"line":18,"column":52}},"4":{"start":{"line":20,"column":0},"end":{"line":20,"column":27}}},"fnMap":{},"branchMap":{},"s":{"0":2,"1":2,"2":2,"3":2,"4":2},"f":{},"b":{},"_coverageSchema":"1a1c01bbd47fc00a2c39e90264f33305004495a9","hash":"622d037f47504879cbeab9fdb2cfa83c8694885a"}
,"C:\\Users\\a2437\\SEG_major_group\\seg_major_group\\server\\routes\\authRoutes.js": {"path":"C:\\Users\\a2437\\SEG_major_group\\seg_major_group\\server\\routes\\authRoutes.js","statementMap":{"0":{"start":{"line":2,"column":16},"end":{"line":2,"column":34}},"1":{"start":{"line":3,"column":15},"end":{"line":3,"column":31}},"2":{"start":{"line":4,"column":13},"end":{"line":4,"column":28}},"3":{"start":{"line":5,"column":41},"end":{"line":5,"column":80}},"4":{"start":{"line":8,"column":0},"end":{"line":15,"column":1}},"5":{"start":{"line":18,"column":0},"end":{"line":18,"column":21}},"6":{"start":{"line":21,"column":0},"end":{"line":21,"column":37}},"7":{"start":{"line":22,"column":0},"end":{"line":22,"column":31}},"8":{"start":{"line":25,"column":0},"end":{"line":25,"column":23}}},"fnMap":{},"branchMap":{},"s":{"0":2,"1":2,"2":2,"3":2,"4":2,"5":2,"6":2,"7":2,"8":2},"f":{},"b":{},"_coverageSchema":"1a1c01bbd47fc00a2c39e90264f33305004495a9","hash":"7991d6edfc48d9c25e708b6cf20664abbcc73cb8"}
}
