TN:
SF:index.js
FN:11,(anonymous_0)
FN:12,(anonymous_1)
FN:24,(anonymous_2)
FNF:3
FNH:1
FNDA:2,(anonymous_0)
FNDA:0,(anonymous_1)
FNDA:0,(anonymous_2)
DA:2,2
DA:3,2
DA:4,2
DA:5,2
DA:6,2
DA:10,2
DA:11,2
DA:12,0
DA:15,2
DA:18,2
DA:21,2
DA:23,0
DA:24,0
DA:29,2
LF:14
LH:11
BRDA:21,0,0,0
BRDA:21,0,1,2
BRF:2
BRH:1
end_of_record
TN:
SF:controller\authController.js
FN:5,(anonymous_0)
FN:11,(anonymous_1)
FN:54,(anonymous_2)
FNF:3
FNH:2
FNDA:0,(anonymous_0)
FNDA:4,(anonymous_1)
FNDA:3,(anonymous_2)
DA:2,2
DA:3,2
DA:5,2
DA:7,0
DA:11,2
DA:13,4
DA:14,4
DA:16,4
DA:17,1
DA:22,3
DA:23,1
DA:28,2
DA:29,2
DA:30,1
DA:37,1
DA:40,1
DA:46,1
DA:48,0
DA:54,2
DA:55,3
DA:56,3
DA:59,3
DA:60,3
DA:61,1
DA:66,2
DA:67,2
DA:68,1
DA:70,2
DA:71,1
DA:76,0
DA:81,2
LF:31
LH:28
BRDA:16,0,0,1
BRDA:16,0,1,3
BRDA:22,1,0,1
BRDA:22,1,1,2
BRDA:22,2,0,3
BRDA:22,2,1,3
BRDA:29,3,0,1
BRDA:29,3,1,1
BRDA:60,4,0,1
BRDA:60,4,1,2
BRDA:67,5,0,1
BRDA:67,5,1,1
BRDA:70,6,0,1
BRDA:70,6,1,1
BRF:14
BRH:14
end_of_record
TN:
SF:helpers\auth.js
FN:3,(anonymous_0)
FN:4,(anonymous_1)
FN:5,(anonymous_2)
FN:9,(anonymous_3)
FN:19,(anonymous_4)
FNF:5
FNH:5
FNDA:4,(anonymous_0)
FNDA:4,(anonymous_1)
FNDA:4,(anonymous_2)
FNDA:4,(anonymous_3)
FNDA:2,(anonymous_4)
DA:1,2
DA:3,2
DA:4,4
DA:5,4
DA:6,4
DA:7,0
DA:9,4
DA:10,4
DA:11,0
DA:13,4
DA:19,2
DA:20,2
DA:22,2
LF:13
LH:11
BRDA:6,0,0,0
BRDA:6,0,1,4
BRDA:10,1,0,0
BRDA:10,1,1,4
BRF:4
BRH:2
end_of_record
TN:
SF:models\user.js
FNF:0
FNH:0
DA:2,2
DA:3,2
DA:5,2
DA:18,2
DA:20,2
LF:5
LH:5
BRF:0
BRH:0
end_of_record
TN:
SF:routes\authRoutes.js
FNF:0
FNH:0
DA:2,2
DA:3,2
DA:4,2
DA:5,2
DA:8,2
DA:18,2
DA:21,2
DA:22,2
DA:25,2
LF:9
LH:9
BRF:0
BRH:0
end_of_record
